<?xml version="1.0" encoding="UTF-8"?>
<!-- Generated by org.testng.reporters.JUnitXMLReporter -->
<testsuite ignored="0" hostname="Pradeep_Machine" failures="2" tests="13" name="Test(failed)" time="442.325" errors="0" timestamp="2024-04-17T08:49:13 IST">
  <testcase classname="testCases.TC_005_ForgotPassword" name="verify_signup" time="38.263"/>
  <testcase classname="testCases.TC_002_SignupTestbyOTP" name="verify_signup" time="7.046">
    <failure type="java.lang.AssertionError" message="null">
      <![CDATA[java.lang.AssertionError: null
at testCases.TC_002_SignupTestbyOTP.verify_signup(TC_002_SignupTestbyOTP.java:56)
at java.base/java.util.ArrayList.forEach(ArrayList.java:1511)
... Removed 27 stack frames]]>
    </failure>
  </testcase> <!-- verify_signup -->
  <testcase classname="testCases.TC_004_LoginDDT" name="verify_loginDDT" time="21.953"/>
  <testcase classname="testCases.TC_004_LoginDDT" name="verify_loginDDT" time="24.958"/>
  <testcase classname="testCases.TC_004_LoginDDT" name="verify_loginDDT" time="35.18"/>
  <testcase classname="testCases.TC_004_LoginDDT" name="verify_loginDDT" time="33.044"/>
  <testcase classname="testCases.TC_004_LoginDDT" name="verify_loginDDT" time="32.376"/>
  <testcase classname="testCases.TC_004_LoginDDT" name="verify_loginDDT" time="35.977"/>
  <testcase classname="testCases.TC_004_LoginDDT" name="verify_loginDDT" time="36.893"/>
  <testcase classname="testCases.TC_004_LoginDDT" name="verify_loginDDT" time="36.091"/>
  <testcase classname="testCases.TC_004_LoginDDT" name="verify_loginDDT" time="37.013"/>
  <testcase classname="testCases.TC_004_LoginDDT" name="verify_loginDDT" time="31.027"/>
  <testcase classname="testCases.TC_001_SignupTestbyVerifyEmail" name="verify_signup" time="7.069">
    <failure type="java.lang.AssertionError" message="null">
      <![CDATA[java.lang.AssertionError: null
at testCases.TC_001_SignupTestbyVerifyEmail.verify_signup(TC_001_SignupTestbyVerifyEmail.java:55)
at java.base/java.util.ArrayList.forEach(ArrayList.java:1511)
... Removed 27 stack frames]]>
    </failure>
  </testcase> <!-- verify_signup -->
</testsuite> <!-- Test(failed) -->
