<?xml version="1.0" encoding="UTF-8"?>
<testng-results ignored="0" total="13" passed="11" failed="2" skipped="0">
  <reporter-output>
  </reporter-output>
  <suite started-at="2024-04-17T08:41:50 IST" name="Failed suite [Suite]" finished-at="2024-04-17T08:49:12 IST" duration-ms="442325">
    <groups>
      <group name="sanity">
        <method signature="TC_001_SignupTestbyVerifyEmail.verify_signup()[pri:0, instance:testCases.TC_001_SignupTestbyVerifyEmail@198b6731]" name="verify_signup" class="testCases.TC_001_SignupTestbyVerifyEmail"/>
        <method signature="TC_002_SignupTestbyOTP.verify_signup()[pri:0, instance:testCases.TC_002_SignupTestbyOTP@489115ef]" name="verify_signup" class="testCases.TC_002_SignupTestbyOTP"/>
        <method signature="TC_005_ForgotPassword.verify_signup()[pri:0, instance:testCases.TC_005_ForgotPassword@3cd3e762]" name="verify_signup" class="testCases.TC_005_ForgotPassword"/>
      </group> <!-- sanity -->
    </groups>
    <test started-at="2024-04-17T08:41:50 IST" name="Test(failed)" finished-at="2024-04-17T08:49:12 IST" duration-ms="442325">
      <class name="testCases.TC_002_SignupTestbyOTP">
        <test-method is-config="true" signature="setup(java.lang.String,java.lang.String)[pri:0, instance:testCases.TC_002_SignupTestbyOTP@489115ef]" started-at="2024-04-17T08:42:48 IST" name="setup" finished-at="2024-04-17T08:43:02 IST" duration-ms="14088" status="PASS">
          <params>
            <param index="0">
              <value>
                <![CDATA[window]]>
              </value>
            </param>
            <param index="1">
              <value>
                <![CDATA[Chrome]]>
              </value>
            </param>
          </params>
          <reporter-output>
          </reporter-output>
        </test-method> <!-- setup -->
        <test-method signature="verify_signup()[pri:0, instance:testCases.TC_002_SignupTestbyOTP@489115ef]" started-at="2024-04-17T08:43:02 IST" name="verify_signup" finished-at="2024-04-17T08:43:09 IST" duration-ms="7046" status="FAIL">
          <exception class="java.lang.AssertionError">
            <message>
              <![CDATA[null]]>
            </message>
            <full-stacktrace>
              <![CDATA[java.lang.AssertionError: null
at org.testng.Assert.fail(Assert.java:111)
at org.testng.Assert.fail(Assert.java:116)
at testCases.TC_002_SignupTestbyOTP.verify_signup(TC_002_SignupTestbyOTP.java:56)
at java.base/jdk.internal.reflect.DirectMethodHandleAccessor.invoke(DirectMethodHandleAccessor.java:104)
at java.base/java.lang.reflect.Method.invoke(Method.java:578)
at org.testng.internal.invokers.MethodInvocationHelper.invokeMethod(MethodInvocationHelper.java:139)
at org.testng.internal.invokers.TestInvoker.invokeMethod(TestInvoker.java:664)
at org.testng.internal.invokers.TestInvoker.invokeTestMethod(TestInvoker.java:227)
at org.testng.internal.invokers.MethodRunner.runInSequence(MethodRunner.java:50)
at org.testng.internal.invokers.TestInvoker$MethodInvocationAgent.invoke(TestInvoker.java:957)
at org.testng.internal.invokers.TestInvoker.invokeTestMethods(TestInvoker.java:200)
at org.testng.internal.invokers.TestMethodWorker.invokeTestMethods(TestMethodWorker.java:148)
at org.testng.internal.invokers.TestMethodWorker.run(TestMethodWorker.java:128)
at java.base/java.util.ArrayList.forEach(ArrayList.java:1511)
at org.testng.TestRunner.privateRun(TestRunner.java:848)
at org.testng.TestRunner.run(TestRunner.java:621)
at org.testng.SuiteRunner.runTest(SuiteRunner.java:443)
at org.testng.SuiteRunner.runSequentially(SuiteRunner.java:437)
at org.testng.SuiteRunner.privateRun(SuiteRunner.java:397)
at org.testng.SuiteRunner.run(SuiteRunner.java:336)
at org.testng.SuiteRunnerWorker.runSuite(SuiteRunnerWorker.java:52)
at org.testng.SuiteRunnerWorker.run(SuiteRunnerWorker.java:95)
at org.testng.TestNG.runSuitesSequentially(TestNG.java:1280)
at org.testng.TestNG.runSuitesLocally(TestNG.java:1200)
at org.testng.TestNG.runSuites(TestNG.java:1114)
at org.testng.TestNG.run(TestNG.java:1082)
at org.testng.remote.AbstractRemoteTestNG.run(AbstractRemoteTestNG.java:115)
at org.testng.remote.RemoteTestNG.initAndRun(RemoteTestNG.java:251)
at org.testng.remote.RemoteTestNG.main(RemoteTestNG.java:77)
]]>
            </full-stacktrace>
          </exception> <!-- java.lang.AssertionError -->
          <reporter-output>
          </reporter-output>
        </test-method> <!-- verify_signup -->
        <test-method is-config="true" signature="tearDown()[pri:0, instance:testCases.TC_002_SignupTestbyOTP@489115ef]" started-at="2024-04-17T08:43:10 IST" name="tearDown" finished-at="2024-04-17T08:43:10 IST" duration-ms="336" status="PASS">
          <reporter-output>
          </reporter-output>
        </test-method> <!-- tearDown -->
      </class> <!-- testCases.TC_002_SignupTestbyOTP -->
      <class name="testCases.TC_004_LoginDDT">
        <test-method is-config="true" signature="setup(java.lang.String,java.lang.String)[pri:0, instance:testCases.TC_004_LoginDDT@3857f613]" started-at="2024-04-17T08:43:10 IST" name="setup" finished-at="2024-04-17T08:43:27 IST" duration-ms="16509" status="PASS">
          <params>
            <param index="0">
              <value>
                <![CDATA[window]]>
              </value>
            </param>
            <param index="1">
              <value>
                <![CDATA[Chrome]]>
              </value>
            </param>
          </params>
          <reporter-output>
          </reporter-output>
        </test-method> <!-- setup -->
        <test-method signature="verify_loginDDT(java.lang.String,java.lang.String,java.lang.String)[pri:0, instance:testCases.TC_004_LoginDDT@3857f613]" started-at="2024-04-17T08:43:29 IST" name="verify_loginDDT" data-provider="LoginData" finished-at="2024-04-17T08:43:51 IST" duration-ms="21953" status="PASS">
          <params>
            <param index="0">
              <value>
                <![CDATA[pradeep_1@yopmail.com]]>
              </value>
            </param>
            <param index="1">
              <value>
                <![CDATA[Abcd@1234]]>
              </value>
            </param>
            <param index="2">
              <value>
                <![CDATA[Valid]]>
              </value>
            </param>
          </params>
          <reporter-output>
          </reporter-output>
        </test-method> <!-- verify_loginDDT -->
        <test-method signature="verify_loginDDT(java.lang.String,java.lang.String,java.lang.String)[pri:0, instance:testCases.TC_004_LoginDDT@3857f613]" started-at="2024-04-17T08:43:51 IST" name="verify_loginDDT" data-provider="LoginData" finished-at="2024-04-17T08:44:16 IST" duration-ms="24958" status="PASS">
          <params>
            <param index="0">
              <value>
                <![CDATA[pradeep_2@yopmail.com]]>
              </value>
            </param>
            <param index="1">
              <value>
                <![CDATA[Abcd@1234]]>
              </value>
            </param>
            <param index="2">
              <value>
                <![CDATA[Valid]]>
              </value>
            </param>
          </params>
          <reporter-output>
          </reporter-output>
        </test-method> <!-- verify_loginDDT -->
        <test-method signature="verify_loginDDT(java.lang.String,java.lang.String,java.lang.String)[pri:0, instance:testCases.TC_004_LoginDDT@3857f613]" started-at="2024-04-17T08:44:16 IST" name="verify_loginDDT" data-provider="LoginData" finished-at="2024-04-17T08:44:51 IST" duration-ms="35180" status="PASS">
          <params>
            <param index="0">
              <value>
                <![CDATA[Pradeep_3@yopmail.com]]>
              </value>
            </param>
            <param index="1">
              <value>
                <![CDATA[Abcd@1236]]>
              </value>
            </param>
            <param index="2">
              <value>
                <![CDATA[Invalid]]>
              </value>
            </param>
          </params>
          <reporter-output>
          </reporter-output>
        </test-method> <!-- verify_loginDDT -->
        <test-method signature="verify_loginDDT(java.lang.String,java.lang.String,java.lang.String)[pri:0, instance:testCases.TC_004_LoginDDT@3857f613]" started-at="2024-04-17T08:44:51 IST" name="verify_loginDDT" data-provider="LoginData" finished-at="2024-04-17T08:45:24 IST" duration-ms="33044" status="PASS">
          <params>
            <param index="0">
              <value>
                <![CDATA[Pradeep_4@yopmail.com]]>
              </value>
            </param>
            <param index="1">
              <value>
                <![CDATA[Abcd@1237]]>
              </value>
            </param>
            <param index="2">
              <value>
                <![CDATA[Invalid]]>
              </value>
            </param>
          </params>
          <reporter-output>
          </reporter-output>
        </test-method> <!-- verify_loginDDT -->
        <test-method signature="verify_loginDDT(java.lang.String,java.lang.String,java.lang.String)[pri:0, instance:testCases.TC_004_LoginDDT@3857f613]" started-at="2024-04-17T08:45:24 IST" name="verify_loginDDT" data-provider="LoginData" finished-at="2024-04-17T08:45:57 IST" duration-ms="32376" status="PASS">
          <params>
            <param index="0">
              <value>
                <![CDATA[pradeep_5@yopmail.com]]>
              </value>
            </param>
            <param index="1">
              <value>
                <![CDATA[Abcd@1238]]>
              </value>
            </param>
            <param index="2">
              <value>
                <![CDATA[Invalid]]>
              </value>
            </param>
          </params>
          <reporter-output>
          </reporter-output>
        </test-method> <!-- verify_loginDDT -->
        <test-method signature="verify_loginDDT(java.lang.String,java.lang.String,java.lang.String)[pri:0, instance:testCases.TC_004_LoginDDT@3857f613]" started-at="2024-04-17T08:45:57 IST" name="verify_loginDDT" data-provider="LoginData" finished-at="2024-04-17T08:46:33 IST" duration-ms="35977" status="PASS">
          <params>
            <param index="0">
              <value>
                <![CDATA[pradeep_6@yopmail.com]]>
              </value>
            </param>
            <param index="1">
              <value>
                <![CDATA[Abcd@1239]]>
              </value>
            </param>
            <param index="2">
              <value>
                <![CDATA[Invalid]]>
              </value>
            </param>
          </params>
          <reporter-output>
          </reporter-output>
        </test-method> <!-- verify_loginDDT -->
        <test-method signature="verify_loginDDT(java.lang.String,java.lang.String,java.lang.String)[pri:0, instance:testCases.TC_004_LoginDDT@3857f613]" started-at="2024-04-17T08:46:33 IST" name="verify_loginDDT" data-provider="LoginData" finished-at="2024-04-17T08:47:10 IST" duration-ms="36893" status="PASS">
          <params>
            <param index="0">
              <value>
                <![CDATA[pradeep_7@yopmail.com]]>
              </value>
            </param>
            <param index="1">
              <value>
                <![CDATA[Abcd@1240]]>
              </value>
            </param>
            <param index="2">
              <value>
                <![CDATA[Invalid]]>
              </value>
            </param>
          </params>
          <reporter-output>
          </reporter-output>
        </test-method> <!-- verify_loginDDT -->
        <test-method signature="verify_loginDDT(java.lang.String,java.lang.String,java.lang.String)[pri:0, instance:testCases.TC_004_LoginDDT@3857f613]" started-at="2024-04-17T08:47:10 IST" name="verify_loginDDT" data-provider="LoginData" finished-at="2024-04-17T08:47:46 IST" duration-ms="36091" status="PASS">
          <params>
            <param index="0">
              <value>
                <![CDATA[pradeep_8@yopmail.com]]>
              </value>
            </param>
            <param index="1">
              <value>
                <![CDATA[Abcd@1241]]>
              </value>
            </param>
            <param index="2">
              <value>
                <![CDATA[Invalid]]>
              </value>
            </param>
          </params>
          <reporter-output>
          </reporter-output>
        </test-method> <!-- verify_loginDDT -->
        <test-method signature="verify_loginDDT(java.lang.String,java.lang.String,java.lang.String)[pri:0, instance:testCases.TC_004_LoginDDT@3857f613]" started-at="2024-04-17T08:47:46 IST" name="verify_loginDDT" data-provider="LoginData" finished-at="2024-04-17T08:48:23 IST" duration-ms="37013" status="PASS">
          <params>
            <param index="0">
              <value>
                <![CDATA[pradeep_9@yopmail.com]]>
              </value>
            </param>
            <param index="1">
              <value>
                <![CDATA[Abcd@1242]]>
              </value>
            </param>
            <param index="2">
              <value>
                <![CDATA[Invalid]]>
              </value>
            </param>
          </params>
          <reporter-output>
          </reporter-output>
        </test-method> <!-- verify_loginDDT -->
        <test-method signature="verify_loginDDT(java.lang.String,java.lang.String,java.lang.String)[pri:0, instance:testCases.TC_004_LoginDDT@3857f613]" started-at="2024-04-17T08:48:23 IST" name="verify_loginDDT" data-provider="LoginData" finished-at="2024-04-17T08:48:54 IST" duration-ms="31027" status="PASS">
          <params>
            <param index="0">
              <value>
                <![CDATA[]]>
              </value>
            </param>
            <param index="1">
              <value>
                <![CDATA[]]>
              </value>
            </param>
            <param index="2">
              <value>
                <![CDATA[]]>
              </value>
            </param>
          </params>
          <reporter-output>
          </reporter-output>
        </test-method> <!-- verify_loginDDT -->
        <test-method is-config="true" signature="tearDown()[pri:0, instance:testCases.TC_004_LoginDDT@3857f613]" started-at="2024-04-17T08:48:54 IST" name="tearDown" finished-at="2024-04-17T08:48:54 IST" duration-ms="529" status="PASS">
          <reporter-output>
          </reporter-output>
        </test-method> <!-- tearDown -->
      </class> <!-- testCases.TC_004_LoginDDT -->
      <class name="testCases.TC_001_SignupTestbyVerifyEmail">
        <test-method is-config="true" signature="setup(java.lang.String,java.lang.String)[pri:0, instance:testCases.TC_001_SignupTestbyVerifyEmail@198b6731]" started-at="2024-04-17T08:48:54 IST" name="setup" finished-at="2024-04-17T08:49:04 IST" duration-ms="9340" status="PASS">
          <params>
            <param index="0">
              <value>
                <![CDATA[window]]>
              </value>
            </param>
            <param index="1">
              <value>
                <![CDATA[Chrome]]>
              </value>
            </param>
          </params>
          <reporter-output>
          </reporter-output>
        </test-method> <!-- setup -->
        <test-method signature="verify_signup()[pri:0, instance:testCases.TC_001_SignupTestbyVerifyEmail@198b6731]" started-at="2024-04-17T08:49:04 IST" name="verify_signup" finished-at="2024-04-17T08:49:11 IST" duration-ms="7069" status="FAIL">
          <exception class="java.lang.AssertionError">
            <message>
              <![CDATA[null]]>
            </message>
            <full-stacktrace>
              <![CDATA[java.lang.AssertionError: null
at org.testng.Assert.fail(Assert.java:111)
at org.testng.Assert.fail(Assert.java:116)
at testCases.TC_001_SignupTestbyVerifyEmail.verify_signup(TC_001_SignupTestbyVerifyEmail.java:55)
at java.base/jdk.internal.reflect.DirectMethodHandleAccessor.invoke(DirectMethodHandleAccessor.java:104)
at java.base/java.lang.reflect.Method.invoke(Method.java:578)
at org.testng.internal.invokers.MethodInvocationHelper.invokeMethod(MethodInvocationHelper.java:139)
at org.testng.internal.invokers.TestInvoker.invokeMethod(TestInvoker.java:664)
at org.testng.internal.invokers.TestInvoker.invokeTestMethod(TestInvoker.java:227)
at org.testng.internal.invokers.MethodRunner.runInSequence(MethodRunner.java:50)
at org.testng.internal.invokers.TestInvoker$MethodInvocationAgent.invoke(TestInvoker.java:957)
at org.testng.internal.invokers.TestInvoker.invokeTestMethods(TestInvoker.java:200)
at org.testng.internal.invokers.TestMethodWorker.invokeTestMethods(TestMethodWorker.java:148)
at org.testng.internal.invokers.TestMethodWorker.run(TestMethodWorker.java:128)
at java.base/java.util.ArrayList.forEach(ArrayList.java:1511)
at org.testng.TestRunner.privateRun(TestRunner.java:848)
at org.testng.TestRunner.run(TestRunner.java:621)
at org.testng.SuiteRunner.runTest(SuiteRunner.java:443)
at org.testng.SuiteRunner.runSequentially(SuiteRunner.java:437)
at org.testng.SuiteRunner.privateRun(SuiteRunner.java:397)
at org.testng.SuiteRunner.run(SuiteRunner.java:336)
at org.testng.SuiteRunnerWorker.runSuite(SuiteRunnerWorker.java:52)
at org.testng.SuiteRunnerWorker.run(SuiteRunnerWorker.java:95)
at org.testng.TestNG.runSuitesSequentially(TestNG.java:1280)
at org.testng.TestNG.runSuitesLocally(TestNG.java:1200)
at org.testng.TestNG.runSuites(TestNG.java:1114)
at org.testng.TestNG.run(TestNG.java:1082)
at org.testng.remote.AbstractRemoteTestNG.run(AbstractRemoteTestNG.java:115)
at org.testng.remote.RemoteTestNG.initAndRun(RemoteTestNG.java:251)
at org.testng.remote.RemoteTestNG.main(RemoteTestNG.java:77)
]]>
            </full-stacktrace>
          </exception> <!-- java.lang.AssertionError -->
          <reporter-output>
          </reporter-output>
        </test-method> <!-- verify_signup -->
        <test-method is-config="true" signature="tearDown()[pri:0, instance:testCases.TC_001_SignupTestbyVerifyEmail@198b6731]" started-at="2024-04-17T08:49:12 IST" name="tearDown" finished-at="2024-04-17T08:49:12 IST" duration-ms="373" status="PASS">
          <reporter-output>
          </reporter-output>
        </test-method> <!-- tearDown -->
      </class> <!-- testCases.TC_001_SignupTestbyVerifyEmail -->
      <class name="testCases.TC_005_ForgotPassword">
        <test-method is-config="true" signature="setup(java.lang.String,java.lang.String)[pri:0, instance:testCases.TC_005_ForgotPassword@3cd3e762]" started-at="2024-04-17T08:41:50 IST" name="setup" finished-at="2024-04-17T08:42:09 IST" duration-ms="19039" status="PASS">
          <params>
            <param index="0">
              <value>
                <![CDATA[window]]>
              </value>
            </param>
            <param index="1">
              <value>
                <![CDATA[Chrome]]>
              </value>
            </param>
          </params>
          <reporter-output>
          </reporter-output>
        </test-method> <!-- setup -->
        <test-method signature="verify_signup()[pri:0, instance:testCases.TC_005_ForgotPassword@3cd3e762]" started-at="2024-04-17T08:42:09 IST" name="verify_signup" finished-at="2024-04-17T08:42:48 IST" duration-ms="38263" status="PASS">
          <reporter-output>
          </reporter-output>
        </test-method> <!-- verify_signup -->
        <test-method is-config="true" signature="tearDown()[pri:0, instance:testCases.TC_005_ForgotPassword@3cd3e762]" started-at="2024-04-17T08:42:48 IST" name="tearDown" finished-at="2024-04-17T08:42:48 IST" duration-ms="456" status="PASS">
          <reporter-output>
          </reporter-output>
        </test-method> <!-- tearDown -->
      </class> <!-- testCases.TC_005_ForgotPassword -->
    </test> <!-- Test(failed) -->
  </suite> <!-- Failed suite [Suite] -->
</testng-results>
